105000  14.317238333108012
106000  13.11895339277662
107000  12.179803044878597
108000  11.417422776327351
109000  10.783207737774719
110000  10.244886680239254
111000  9.77914129831173
112000  9.372607516629783
113000  9.01216128724692
114000  8.690837106154808
115000  8.40196261893356
116000  8.139069926658708
117000  7.897776114103346
118000  7.681156829342983
119000  7.477463698272877
120000  7.290354688664137
121000  7.118995119212313
122000  6.954906408074904
123000  6.806725903817907
124000  6.6649913667160625
125000  6.531061760239337
126000  6.404898924528965
127000  6.2889867828771555
128000  6.175198751607066
129000  6.068160369506554
130000  5.97240933842367
131000  5.922118868392856
