<программа> -> BEGIN <операторы> END		
<переменные> -> идентификатор , <переменные>		
<переменные> -> идентификатор		
<операторы> -> <оператор> <операторы>		
<операторы> -> <оператор>		
<оператор> -> VAR <переменные>;		
<оператор> -> READ идентификатор ;		
<оператор> -> WRITE идентификатор ;		
<оператор> -> <переменные> := <выражение>;		
<оператор> -> REPEAT <операторы> UNTIL <отношение>;		
<выражение> -> <выражение> + <терм>		
<выражение> -> <выражение> – <терм>		
<выражение> -> <терм>		
<терм> -> <терм> * <множитель>		
<терм> -> <терм> / <множитель>		
<терм> -> <множитель>		
<множитель> -> идентификатор		
<множитель> -> число		
<множитель> -> (<выражение>)		
<множитель> -> – (<выражение>)		
<отношение> -> <идентификатор> операция_отношения <выражение>		

<программа>     P
<переменные>    V
<операторы>     Q
<оператор>      O
<выражение>     E
<терм>          T
<множитель>     P
<отношение>     R

идентификатор       i
число               c
операция_отношения  r
BEGIN               b
END                 e
VAR                 v
READ                a
WRITE               w
REPEAT              p
UNTIL               u
,
;
=
+
–
*
/
(
)

P -> BEGIN <операторы> END		
<переменные> -> идентификатор , <переменные>		
<переменные> -> идентификатор		
<операторы> -> <оператор> <операторы>		
<операторы> -> <оператор>		
<оператор> -> VAR <переменные>;		
<оператор> -> READ идентификатор ;		
<оператор> -> WRITE идентификатор ;		
<оператор> -> <переменные> := <выражение>;		
<оператор> -> REPEAT <операторы> UNTIL <отношение>;		
<выражение> -> <выражение> + <терм>		
<выражение> -> <выражение> – <терм>		
<выражение> -> <терм>		
<терм> -> <терм> * <множитель>		
<терм> -> <терм> / <множитель>		
<терм> -> <множитель>		
<множитель> -> идентификатор		
<множитель> -> число		
<множитель> -> (<выражение>)		
<множитель> -> – (<выражение>)		
<отношение> -> <идентификатор> операция_отношения <выражение>		
